<?xml version="1.0" encoding="UTF-8"?>
<!-- Generated by org.testng.reporters.JUnitReportReporter -->
<testsuite hostname="Vaishnavi" failures="0" tests="2" name="com.TestCases.RegisterTestCases" time="23.435" errors="0" timestamp="2024-04-04T20:34:11 IST" skipped="0">
  <testcase classname="com.TestCases.RegisterTestCases" name="verifyValidRegistration" time="11.817"/>
  <testcase classname="com.TestCases.RegisterTestCases" name="verifyInvalidRegistration" time="11.618"/>
</testsuite> <!-- com.TestCases.RegisterTestCases -->
