<?xml version="1.0" encoding="UTF-8"?>
<!-- Generated by org.testng.reporters.JUnitReportReporter -->
<testsuite hostname="Vaishnavi" failures="0" tests="1" name="com.TestCases.AddToCartTestCase" time="18.867" errors="0" timestamp="2024-04-04T20:34:11 IST" skipped="0">
  <testcase classname="com.TestCases.AddToCartTestCase" name="verifyAmountOfProdInCart" time="18.867"/>
</testsuite> <!-- com.TestCases.AddToCartTestCase -->
